<?xml version="1.0" encoding="UTF-8"?>
<testsuite xmlns:xsi="http://www.w3.org/2001/XMLSchema-instance" xsi:noNamespaceSchemaLocation="https://maven.apache.org/surefire/maven-surefire-plugin/xsd/surefire-test-report.xsd" name="runners.Runner" time="230.743" tests="15" errors="2" skipped="0" failures="0">
  <properties>
[...]
</properties>
  <testcase name="user trays to add one or more than one item to the shopping cart" classname="User wants to add some shopping items to cart" time="25.238">
    <error message="Timed out waiting for driver server to start.&#10;Build info: version: &apos;4.0.0-alpha-1&apos;, revision: &apos;d1d3728cae&apos;, time: &apos;2019-04-24T13:42:21&apos;&#10;System info: host: &apos;DESKTOP-05QK214&apos;, ip: &apos;192.168.1.5&apos;, os.name: &apos;Windows 10&apos;, os.arch: &apos;amd64&apos;, os.version: &apos;10.0&apos;, java.version: &apos;1.8.0_301&apos;&#10;Driver info: driver.version: ChromeDriver" type="org.openqa.selenium.WebDriverException">org.openqa.selenium.WebDriverException: 
Timed out waiting for driver server to start.
Build info: version: '4.0.0-alpha-1', revision: 'd1d3728cae', time: '2019-04-24T13:42:21'
System info: host: 'DESKTOP-05QK214', ip: '192.168.1.5', os.name: 'Windows 10', os.arch: 'amd64', os.version: '10.0', java.version: '1.8.0_301'
Driver info: driver.version: ChromeDriver
Caused by: org.openqa.selenium.net.UrlChecker$TimeoutException: Timed out waiting for [http://localhost:20047/status] to be available after 20004 ms
Caused by: java.util.concurrent.TimeoutException
</error>
  </testcase>
  <testcase name="user trays to add one or more than one item to the shopping cart" classname="User wants to add some shopping items to cart" time="25.245">
    <error type="java.lang.NullPointerException">java.lang.NullPointerException
</error>
  </testcase>
  <testcase name="user trays to add one or more than one item to the shopping cart" classname="User wants to add some shopping items to cart" time="75.839"/>
  <testcase name="user trays to add one or more than one item to the shopping cart" classname="User wants to add some shopping items to cart" time="18.506"/>
  <testcase name="user trays to add one or more than one item to the shopping cart" classname="User wants to add some shopping items to cart" time="15.213"/>
  <testcase name="User wants to sort the items from A to Z or Z to A" classname="User wants to add some shopping items to cart" time="13.252"/>
  <testcase name="User wants to sort the items from A to Z or Z to A" classname="User wants to add some shopping items to cart" time="8.528"/>
  <testcase name="User wants to sort the items from A to Z or Z to A" classname="User wants to add some shopping items to cart" time="8.062"/>
  <testcase name="User wants to sort the items from A to Z or Z to A" classname="User wants to add some shopping items to cart" time="9.924"/>
  <testcase name="User try to login with valid email and password" classname="User Login" time="9.653"/>
  <testcase name="User try to login with invalid credentials" classname="User Login" time="7.42"/>
  <testcase name="User try to login with invalid credentials" classname="User Login" time="6.263"/>
  <testcase name="User try to login with invalid credentials" classname="User Login" time="7.084"/>
  <testcase name="User try to login with invalid credentials" classname="User Login" time="8.566"/>
  <testcase name="user wants to logout when he authenticated" classname="User wants to logout from the system" time="9.5"/>
</testsuite>